  HookingLauncher.cpp
D:\workspace\WinPrac\HookingLauncherDLL\HookingLauncherDLL\HookingLauncher.cpp(1,9): warning C4603: 'HOOKING_API': macro is not defined or definition is different after precompiled header use
  (compiling source file '/HookingLauncher.cpp')
      D:\workspace\WinPrac\HookingLauncherDLL\HookingLauncherDLL\HookingLauncher.cpp(1,9):
      Add macro to precompiled header instead of defining here
      D:\workspace\WinPrac\HookingLauncherDLL\HookingLauncherDLL\HookingLauncher.cpp(3,1):
      use of precompiled header
  
D:\workspace\WinPrac\HookingLauncherDLL\HookingLauncherDLL\HookingLauncher.cpp(13,6): warning C4273: 'StartHook': inconsistent dll linkage
  (compiling source file '/HookingLauncher.cpp')
      D:\workspace\WinPrac\HookingLauncherDLL\HookingLauncherDLL\HookingLauncher.h(8,18):
      see previous definition of 'StartHook'
  
D:\workspace\WinPrac\HookingLauncherDLL\HookingLauncherDLL\HookingLauncher.cpp(99,6): warning C4273: 'StopHook': inconsistent dll linkage
  (compiling source file '/HookingLauncher.cpp')
      D:\workspace\WinPrac\HookingLauncherDLL\HookingLauncherDLL\HookingLauncher.h(9,18):
      see previous definition of 'StopHook'
  
  dllmain.cpp
  Generating Code...
  HookingLauncherDLL.vcxproj -> D:\workspace\WinPrac\HookingLauncherDLL\Win32\Debug\HookingLauncherDLL.dll
  D:\workspace\WinPrac\HookingLauncherDLL\HookingLauncherDLL\..\Win32\Debug\HookingLauncherDLL.dll
  1개 파일이 복사되었습니다.
