C:\Program Files\Microsoft Visual Studio\2022\Community\MSBuild\Microsoft\VC\v170\Microsoft.CppBuild.targets(531,5): warning MSB8028: The intermediate directory (Debug\) contains files shared from another project (MyDLL.vcxproj).  This can lead to incorrect clean and rebuild behavior.
  CallbackProcessor.cpp
D:\workspace\WinPrac\CallbackModule\CallbackModule\CallbackProcessor.cpp(150,37): warning C4244: 'argument': conversion from 'int' to 'Gdiplus::REAL', possible loss of data
  (compiling source file '/CallbackProcessor.cpp')
  
D:\workspace\WinPrac\CallbackModule\CallbackModule\CallbackProcessor.cpp(160,78): warning C4244: '+=': conversion from 'Gdiplus::REAL' to 'int', possible loss of data
  (compiling source file '/CallbackProcessor.cpp')
  
D:\workspace\WinPrac\CallbackModule\CallbackModule\CallbackProcessor.cpp(162,78): warning C4244: '+=': conversion from 'Gdiplus::REAL' to 'int', possible loss of data
  (compiling source file '/CallbackProcessor.cpp')
  
D:\workspace\WinPrac\CallbackModule\CallbackModule\CallbackProcessor.cpp(164,15): warning C4244: '=': conversion from 'int' to 'Gdiplus::REAL', possible loss of data
  (compiling source file '/CallbackProcessor.cpp')
  
D:\workspace\WinPrac\CallbackModule\CallbackModule\CallbackProcessor.cpp(165,15): warning C4244: '=': conversion from 'int' to 'Gdiplus::REAL', possible loss of data
  (compiling source file '/CallbackProcessor.cpp')
  
D:\workspace\WinPrac\CallbackModule\CallbackModule\CallbackProcessor.cpp(187,52): warning C4244: 'argument': conversion from 'int' to 'Gdiplus::REAL', possible loss of data
  (compiling source file '/CallbackProcessor.cpp')
  
D:\workspace\WinPrac\CallbackModule\CallbackModule\CallbackProcessor.cpp(187,40): warning C4244: 'argument': conversion from 'int' to 'Gdiplus::REAL', possible loss of data
  (compiling source file '/CallbackProcessor.cpp')
  
D:\workspace\WinPrac\CallbackModule\CallbackModule\CallbackProcessor.cpp(187,34): warning C4244: 'argument': conversion from 'int' to 'Gdiplus::REAL', possible loss of data
  (compiling source file '/CallbackProcessor.cpp')
  
D:\workspace\WinPrac\CallbackModule\CallbackModule\CallbackProcessor.cpp(187,28): warning C4244: 'argument': conversion from 'int' to 'Gdiplus::REAL', possible loss of data
  (compiling source file '/CallbackProcessor.cpp')
  
D:\workspace\WinPrac\CallbackModule\CallbackModule\CallbackProcessor.cpp(196,84): warning C4244: 'argument': conversion from 'UINT' to 'Gdiplus::REAL', possible loss of data
  (compiling source file '/CallbackProcessor.cpp')
  
D:\workspace\WinPrac\CallbackModule\CallbackModule\CallbackProcessor.cpp(196,57): warning C4244: 'argument': conversion from 'UINT' to 'Gdiplus::REAL', possible loss of data
  (compiling source file '/CallbackProcessor.cpp')
  
D:\workspace\WinPrac\CallbackModule\CallbackModule\CallbackProcessor.cpp(197,131): warning C4244: 'argument': conversion from 'UINT' to 'Gdiplus::REAL', possible loss of data
  (compiling source file '/CallbackProcessor.cpp')
  
D:\workspace\WinPrac\CallbackModule\CallbackModule\CallbackProcessor.cpp(197,99): warning C4244: 'argument': conversion from 'UINT' to 'Gdiplus::REAL', possible loss of data
  (compiling source file '/CallbackProcessor.cpp')
  
D:\workspace\WinPrac\CallbackModule\CallbackModule\CallbackProcessor.cpp(198,134): warning C4244: 'argument': conversion from 'UINT' to 'Gdiplus::REAL', possible loss of data
  (compiling source file '/CallbackProcessor.cpp')
  
D:\workspace\WinPrac\CallbackModule\CallbackModule\CallbackProcessor.cpp(198,101): warning C4244: 'argument': conversion from 'UINT' to 'Gdiplus::REAL', possible loss of data
  (compiling source file '/CallbackProcessor.cpp')
  
D:\workspace\WinPrac\CallbackModule\CallbackModule\CallbackProcessor.cpp(319,146): warning C4244: 'argument': conversion from 'LONG' to 'Gdiplus::REAL', possible loss of data
  (compiling source file '/CallbackProcessor.cpp')
  
D:\workspace\WinPrac\CallbackModule\CallbackModule\CallbackProcessor.cpp(319,103): warning C4244: 'argument': conversion from 'LONG' to 'Gdiplus::REAL', possible loss of data
  (compiling source file '/CallbackProcessor.cpp')
  
D:\workspace\WinPrac\CallbackModule\CallbackModule\CallbackProcessor.cpp(319,75): warning C4244: 'argument': conversion from 'LONG' to 'Gdiplus::REAL', possible loss of data
  (compiling source file '/CallbackProcessor.cpp')
  
D:\workspace\WinPrac\CallbackModule\CallbackModule\CallbackProcessor.cpp(319,49): warning C4244: 'argument': conversion from 'LONG' to 'Gdiplus::REAL', possible loss of data
  (compiling source file '/CallbackProcessor.cpp')
  
D:\workspace\WinPrac\CallbackModule\CallbackModule\CallbackProcessor.cpp(320,112): warning C4244: 'argument': conversion from 'UINT' to 'Gdiplus::REAL', possible loss of data
  (compiling source file '/CallbackProcessor.cpp')
  
D:\workspace\WinPrac\CallbackModule\CallbackModule\CallbackProcessor.cpp(320,85): warning C4244: 'argument': conversion from 'UINT' to 'Gdiplus::REAL', possible loss of data
  (compiling source file '/CallbackProcessor.cpp')
  
D:\workspace\WinPrac\CallbackModule\CallbackModule\CallbackProcessor.cpp(241,13): warning C4533: initialization of 'bmi' is skipped by 'goto LB_RET'
  (compiling source file '/CallbackProcessor.cpp')
      D:\workspace\WinPrac\CallbackModule\CallbackModule\CallbackProcessor.cpp(241,13):
      see declaration of 'bmi'
      D:\workspace\WinPrac\CallbackModule\CallbackModule\CallbackProcessor.cpp(345,1):
      see declaration of 'LB_RET'
  
D:\workspace\WinPrac\CallbackModule\CallbackModule\CallbackProcessor.cpp(461,140): warning C4244: 'argument': conversion from 'LONG' to 'Gdiplus::REAL', possible loss of data
  (compiling source file '/CallbackProcessor.cpp')
  
D:\workspace\WinPrac\CallbackModule\CallbackModule\CallbackProcessor.cpp(461,97): warning C4244: 'argument': conversion from 'LONG' to 'Gdiplus::REAL', possible loss of data
  (compiling source file '/CallbackProcessor.cpp')
  
D:\workspace\WinPrac\CallbackModule\CallbackModule\CallbackProcessor.cpp(461,72): warning C4244: 'argument': conversion from 'LONG' to 'Gdiplus::REAL', possible loss of data
  (compiling source file '/CallbackProcessor.cpp')
  
D:\workspace\WinPrac\CallbackModule\CallbackModule\CallbackProcessor.cpp(461,49): warning C4244: 'argument': conversion from 'LONG' to 'Gdiplus::REAL', possible loss of data
  (compiling source file '/CallbackProcessor.cpp')
  
D:\workspace\WinPrac\CallbackModule\CallbackModule\CallbackProcessor.cpp(462,112): warning C4244: 'argument': conversion from 'UINT' to 'Gdiplus::REAL', possible loss of data
  (compiling source file '/CallbackProcessor.cpp')
  
D:\workspace\WinPrac\CallbackModule\CallbackModule\CallbackProcessor.cpp(462,85): warning C4244: 'argument': conversion from 'UINT' to 'Gdiplus::REAL', possible loss of data
  (compiling source file '/CallbackProcessor.cpp')
  
D:\workspace\WinPrac\CallbackModule\CallbackModule\CallbackProcessor.cpp(383,13): warning C4533: initialization of 'bmi' is skipped by 'goto LB_RET'
  (compiling source file '/CallbackProcessor.cpp')
      D:\workspace\WinPrac\CallbackModule\CallbackModule\CallbackProcessor.cpp(383,13):
      see declaration of 'bmi'
      D:\workspace\WinPrac\CallbackModule\CallbackModule\CallbackProcessor.cpp(487,1):
      see declaration of 'LB_RET'
  
  LINK : D:\workspace\WinPrac\CallbackModule\Debug\CallbackModule.dll not found or not built by the last incremental link; performing full link
  CallbackModule.vcxproj -> D:\workspace\WinPrac\CallbackModule\Debug\CallbackModule.dll
  D:\workspace\WinPrac\CallbackModule\Debug\CallbackModule.dll
  1개 파일이 복사되었습니다.
