  CallbackProcessor.cpp
E:\WinPrac\MyDLL\MyDLL\CallbackProcessor.cpp(114,84): warning C4244: 'argument': conversion from 'UINT' to 'Gdiplus::REAL', possible loss of data
  (compiling source file '/CallbackProcessor.cpp')
  
E:\WinPrac\MyDLL\MyDLL\CallbackProcessor.cpp(114,57): warning C4244: 'argument': conversion from 'UINT' to 'Gdiplus::REAL', possible loss of data
  (compiling source file '/CallbackProcessor.cpp')
  
E:\WinPrac\MyDLL\MyDLL\CallbackProcessor.cpp(137,37): warning C4244: 'argument': conversion from 'int' to 'Gdiplus::REAL', possible loss of data
  (compiling source file '/CallbackProcessor.cpp')
  
E:\WinPrac\MyDLL\MyDLL\CallbackProcessor.cpp(147,78): warning C4244: '+=': conversion from 'Gdiplus::REAL' to 'int', possible loss of data
  (compiling source file '/CallbackProcessor.cpp')
  
E:\WinPrac\MyDLL\MyDLL\CallbackProcessor.cpp(149,78): warning C4244: '+=': conversion from 'Gdiplus::REAL' to 'int', possible loss of data
  (compiling source file '/CallbackProcessor.cpp')
  
E:\WinPrac\MyDLL\MyDLL\CallbackProcessor.cpp(151,15): warning C4244: '=': conversion from 'int' to 'Gdiplus::REAL', possible loss of data
  (compiling source file '/CallbackProcessor.cpp')
  
E:\WinPrac\MyDLL\MyDLL\CallbackProcessor.cpp(152,15): warning C4244: '=': conversion from 'int' to 'Gdiplus::REAL', possible loss of data
  (compiling source file '/CallbackProcessor.cpp')
  
E:\WinPrac\MyDLL\MyDLL\CallbackProcessor.cpp(174,52): warning C4244: 'argument': conversion from 'int' to 'Gdiplus::REAL', possible loss of data
  (compiling source file '/CallbackProcessor.cpp')
  
E:\WinPrac\MyDLL\MyDLL\CallbackProcessor.cpp(174,40): warning C4244: 'argument': conversion from 'int' to 'Gdiplus::REAL', possible loss of data
  (compiling source file '/CallbackProcessor.cpp')
  
E:\WinPrac\MyDLL\MyDLL\CallbackProcessor.cpp(174,34): warning C4244: 'argument': conversion from 'int' to 'Gdiplus::REAL', possible loss of data
  (compiling source file '/CallbackProcessor.cpp')
  
E:\WinPrac\MyDLL\MyDLL\CallbackProcessor.cpp(174,28): warning C4244: 'argument': conversion from 'int' to 'Gdiplus::REAL', possible loss of data
  (compiling source file '/CallbackProcessor.cpp')
  
E:\WinPrac\MyDLL\MyDLL\CallbackProcessor.cpp(208,88): warning C4244: 'argument': conversion from 'LONG' to 'Gdiplus::REAL', possible loss of data
  (compiling source file '/CallbackProcessor.cpp')
  
E:\WinPrac\MyDLL\MyDLL\CallbackProcessor.cpp(208,63): warning C4244: 'argument': conversion from 'LONG' to 'Gdiplus::REAL', possible loss of data
  (compiling source file '/CallbackProcessor.cpp')
  
E:\WinPrac\MyDLL\MyDLL\CallbackProcessor.cpp(208,46): warning C4244: 'argument': conversion from 'LONG' to 'Gdiplus::REAL', possible loss of data
  (compiling source file '/CallbackProcessor.cpp')
  
E:\WinPrac\MyDLL\MyDLL\CallbackProcessor.cpp(208,35): warning C4244: 'argument': conversion from 'LONG' to 'Gdiplus::REAL', possible loss of data
  (compiling source file '/CallbackProcessor.cpp')
  
E:\WinPrac\MyDLL\MyDLL\CallbackProcessor.cpp(209,133): warning C4244: 'argument': conversion from 'UINT' to 'Gdiplus::REAL', possible loss of data
  (compiling source file '/CallbackProcessor.cpp')
  
E:\WinPrac\MyDLL\MyDLL\CallbackProcessor.cpp(209,101): warning C4244: 'argument': conversion from 'UINT' to 'Gdiplus::REAL', possible loss of data
  (compiling source file '/CallbackProcessor.cpp')
  
E:\WinPrac\MyDLL\MyDLL\CallbackProcessor.cpp(210,136): warning C4244: 'argument': conversion from 'UINT' to 'Gdiplus::REAL', possible loss of data
  (compiling source file '/CallbackProcessor.cpp')
  
E:\WinPrac\MyDLL\MyDLL\CallbackProcessor.cpp(210,103): warning C4244: 'argument': conversion from 'UINT' to 'Gdiplus::REAL', possible loss of data
  (compiling source file '/CallbackProcessor.cpp')
  
E:\WinPrac\MyDLL\MyDLL\CallbackProcessor.cpp(298,41): warning C4244: 'argument': conversion from 'int' to 'Gdiplus::REAL', possible loss of data
  (compiling source file '/CallbackProcessor.cpp')
  
E:\WinPrac\MyDLL\MyDLL\CallbackProcessor.cpp(298,35): warning C4244: 'argument': conversion from 'int' to 'Gdiplus::REAL', possible loss of data
  (compiling source file '/CallbackProcessor.cpp')
  
E:\WinPrac\MyDLL\MyDLL\CallbackProcessor.cpp(299,111): warning C4244: 'argument': conversion from 'UINT' to 'Gdiplus::REAL', possible loss of data
  (compiling source file '/CallbackProcessor.cpp')
  
E:\WinPrac\MyDLL\MyDLL\CallbackProcessor.cpp(299,84): warning C4244: 'argument': conversion from 'UINT' to 'Gdiplus::REAL', possible loss of data
  (compiling source file '/CallbackProcessor.cpp')
  
E:\WinPrac\MyDLL\MyDLL\CallbackProcessor.cpp(251,13): warning C4533: initialization of 'bmi' is skipped by 'goto LB_RET'
  (compiling source file '/CallbackProcessor.cpp')
      E:\WinPrac\MyDLL\MyDLL\CallbackProcessor.cpp(251,13):
      see declaration of 'bmi'
      E:\WinPrac\MyDLL\MyDLL\CallbackProcessor.cpp(323,1):
      see declaration of 'LB_RET'
  
  MyDLL.vcxproj -> E:\WinPrac\MyDLL\Debug\MyDLL.dll
