d:\workspace\test\mydll\mydll\debug\mydll.pch
d:\workspace\test\mydll\mydll\debug\vc143.pdb
d:\workspace\test\mydll\mydll\debug\vc143.idb
d:\workspace\test\mydll\mydll\debug\pch.obj
d:\workspace\test\mydll\mydll\debug\dllmain.obj
d:\workspace\test\mydll\mydll\debug\mydll.obj
d:\workspace\test\mydll\debug\mydll.lib
d:\workspace\test\mydll\debug\mydll.exp
d:\workspace\test\mydll\mydll\debug\mydll.ilk
d:\workspace\test\mydll\debug\mydll.pdb
d:\workspace\test\mydll\mydll\debug\mydll.tlog\cl.command.1.tlog
d:\workspace\test\mydll\mydll\debug\mydll.tlog\cl.items.tlog
d:\workspace\test\mydll\mydll\debug\mydll.tlog\cl.read.1.tlog
d:\workspace\test\mydll\mydll\debug\mydll.tlog\cl.write.1.tlog
d:\workspace\test\mydll\mydll\debug\mydll.tlog\link.46620-cvtres.read.1.tlog
d:\workspace\test\mydll\mydll\debug\mydll.tlog\link.46620-cvtres.write.1.tlog
d:\workspace\test\mydll\mydll\debug\mydll.tlog\link.46620-rc.read.1.tlog
d:\workspace\test\mydll\mydll\debug\mydll.tlog\link.46620-rc.write.1.tlog
d:\workspace\test\mydll\mydll\debug\mydll.tlog\link.46620.read.1.tlog
d:\workspace\test\mydll\mydll\debug\mydll.tlog\link.46620.write.1.tlog
d:\workspace\test\mydll\mydll\debug\mydll.tlog\link.command.1.tlog
d:\workspace\test\mydll\mydll\debug\mydll.tlog\link.read.1.tlog
d:\workspace\test\mydll\mydll\debug\mydll.tlog\link.secondary.1.tlog
d:\workspace\test\mydll\mydll\debug\mydll.tlog\link.write.1.tlog
